<?xml version="1.0" encoding="UTF-8"?>
<!-- Generated by org.testng.reporters.JUnitReportReporter -->
<testsuite hostname="LAPTOP-BCHU3DJA" failures="0" tests="4" name="tests.ValidateRegisterPage" time="43.600" errors="0" timestamp="2024-11-11T22:05:23 IST" skipped="1">
  <testcase classname="tests.ValidateRegisterPage" name="validateLoginPage" time="13.310"/>
  <testcase classname="tests.ValidateRegisterPage" name="ValidateHomePage" time="5.240"/>
  <testcase classname="tests.ValidateRegisterPage" name="ValidateRequestQuotationPage" time="25.050"/>
  <testcase classname="tests.ValidateRegisterPage" name="validateRegisterPage">
    <skipped/>
  </testcase> <!-- validateRegisterPage -->
</testsuite> <!-- tests.ValidateRegisterPage -->
