<?xml version="1.0" encoding="UTF-8"?>
<!-- Generated by org.testng.reporters.JUnitReportReporter -->
<testsuite hostname="LAPTOP-BCHU3DJA" failures="0" tests="4" name="tests.ValidateRegisterPage" time="42.198" errors="0" timestamp="2024-09-19T14:30:33 IST" skipped="1">
  <testcase classname="tests.ValidateRegisterPage" name="validateLoginPage" time="11.415"/>
  <testcase classname="tests.ValidateRegisterPage" name="ValidateHomePage" time="5.271"/>
  <testcase classname="tests.ValidateRegisterPage" name="ValidateRequestQuotationPage" time="25.512"/>
  <testcase classname="tests.ValidateRegisterPage" name="validateRegisterPage">
    <skipped/>
  </testcase> <!-- validateRegisterPage -->
</testsuite> <!-- tests.ValidateRegisterPage -->
