<?xml version="1.0" encoding="UTF-8"?>
<!-- Generated by org.testng.reporters.JUnitReportReporter -->
<testsuite hostname="LAPTOP-BCHU3DJA" failures="0" tests="4" name="tests.ValidateRegisterPage" time="42.299" errors="0" timestamp="2024-11-17T15:38:07 IST" skipped="1">
  <testcase classname="tests.ValidateRegisterPage" name="validateLoginPage" time="10.210"/>
  <testcase classname="tests.ValidateRegisterPage" name="ValidateHomePage" time="5.406"/>
  <testcase classname="tests.ValidateRegisterPage" name="ValidateRequestQuotationPage" time="26.683"/>
  <testcase classname="tests.ValidateRegisterPage" name="validateRegisterPage">
    <skipped/>
  </testcase> <!-- validateRegisterPage -->
</testsuite> <!-- tests.ValidateRegisterPage -->
